<?xml version="1.0" encoding="UTF-8"?>
<!-- Generated by org.testng.reporters.JUnitXMLReporter -->
<testsuite hostname="Appu" name="Test" tests="2" failures="1" timestamp="22 Jun 2018 18:17:00 GMT" time="19.786" errors="0">
  <testcase name="test_Home_Page_Appear_Correct" time="4.18" classname="learning.TestClass"/>
  <testcase name="test_Home_Page_Appear_Correct" time="19.764" classname="learning.TestClass">
    <failure type="java.lang.NullPointerException">
      <![CDATA[java.lang.NullPointerException
	at listener.Listener.onTestSuccess(Listener.java:56)
... Removed 21 stack frames]]>
    </failure>
  </testcase> <!-- test_Home_Page_Appear_Correct -->
</testsuite> <!-- Test -->
