<?xml version="1.0" encoding="UTF-8"?>
<testng-results skipped="0" failed="0" total="1" passed="1">
  <reporter-output>
  </reporter-output>
  <suite name="Default suite" duration-ms="25938" started-at="2018-06-16T15:47:15Z" finished-at="2018-06-16T15:47:40Z">
    <groups>
    </groups>
    <test name="Default test" duration-ms="25938" started-at="2018-06-16T15:47:15Z" finished-at="2018-06-16T15:47:40Z">
      <class name="learning.TestClass">
        <test-method status="PASS" signature="setup()[pri:0, instance:learning.TestClass@59f99ea]" name="setup" is-config="true" duration-ms="21227" started-at="2018-06-16T21:17:15Z" finished-at="2018-06-16T21:17:36Z">
          <reporter-output>
          </reporter-output>
        </test-method> <!-- setup -->
        <test-method status="PASS" signature="test_Home_Page_Appear_Correct()[pri:0, instance:learning.TestClass@59f99ea]" name="test_Home_Page_Appear_Correct" duration-ms="4642" started-at="2018-06-16T21:17:36Z" finished-at="2018-06-16T21:17:40Z">
          <reporter-output>
          </reporter-output>
        </test-method> <!-- test_Home_Page_Appear_Correct -->
        <test-method status="PASS" signature="close()[pri:0, instance:learning.TestClass@59f99ea]" name="close" is-config="true" duration-ms="31" started-at="2018-06-16T21:17:40Z" finished-at="2018-06-16T21:17:40Z">
          <reporter-output>
          </reporter-output>
        </test-method> <!-- close -->
      </class> <!-- learning.TestClass -->
    </test> <!-- Default test -->
  </suite> <!-- Default suite -->
</testng-results>
